<?xml version="1.0" encoding="UTF-8"?>
<!-- Generated by org.testng.reporters.JUnitXMLReporter -->
<testsuite hostname="DESKTOP-TM3LMDO" ignored="0" name="ValidateAPIOutput" tests="3" failures="0" timestamp="27 Aug 2018 10:07:21 GMT" time="2.101" errors="0">
  <testcase name="validateCanRelist" time="1.208" classname="API.ValidateAPIOutput"/>
  <testcase name="validateName" time="0.164" classname="API.ValidateAPIOutput"/>
  <testcase name="validatePromotions" time="0.596" classname="API.ValidateAPIOutput"/>
</testsuite> <!-- ValidateAPIOutput -->
