<?xml version="1.0" encoding="UTF-8"?>
<testng-results skipped="0" failed="0" ignored="0" total="3" passed="3">
  <reporter-output>
  </reporter-output>
  <suite name="ValidateAPITestSuite" duration-ms="3051" started-at="2018-08-27T10:36:36Z" finished-at="2018-08-27T10:36:39Z">
    <groups>
    </groups>
    <test name="ValidateAPIOutput" duration-ms="3051" started-at="2018-08-27T10:36:36Z" finished-at="2018-08-27T10:36:39Z">
      <class name="API.ValidateAPIOutput">
        <test-method status="PASS" signature="setup()[pri:0, instance:API.ValidateAPIOutput@62ee68d8]" name="setup" is-config="true" duration-ms="28" started-at="2018-08-27T10:36:36Z" finished-at="2018-08-27T10:36:36Z">
          <reporter-output>
          </reporter-output>
        </test-method> <!-- setup -->
        <test-method status="PASS" signature="validateCanRelist(boolean)[pri:0, instance:API.ValidateAPIOutput@62ee68d8]" name="validateCanRelist" duration-ms="1908" started-at="2018-08-27T10:36:36Z" finished-at="2018-08-27T10:36:38Z">
          <params>
            <param index="0">
              <value>
                <![CDATA[true]]>
              </value>
            </param>
          </params>
          <reporter-output>
          </reporter-output>
        </test-method> <!-- validateCanRelist -->
        <test-method status="PASS" signature="validateName(java.lang.String)[pri:0, instance:API.ValidateAPIOutput@62ee68d8]" name="validateName" duration-ms="492" started-at="2018-08-27T10:36:38Z" finished-at="2018-08-27T10:36:38Z">
          <params>
            <param index="0">
              <value>
                <![CDATA[Carbon credits]]>
              </value>
            </param>
          </params>
          <reporter-output>
          </reporter-output>
        </test-method> <!-- validateName -->
        <test-method status="PASS" signature="validatePromotions(java.lang.String, java.lang.String)[pri:0, instance:API.ValidateAPIOutput@62ee68d8]" name="validatePromotions" duration-ms="484" started-at="2018-08-27T10:36:38Z" finished-at="2018-08-27T10:36:39Z">
          <params>
            <param index="0">
              <value>
                <![CDATA[Gallery]]>
              </value>
            </param>
            <param index="1">
              <value>
                <![CDATA[2x larger image]]>
              </value>
            </param>
          </params>
          <reporter-output>
          </reporter-output>
        </test-method> <!-- validatePromotions -->
      </class> <!-- API.ValidateAPIOutput -->
    </test> <!-- ValidateAPIOutput -->
  </suite> <!-- ValidateAPITestSuite -->
</testng-results>
